<?xml version="1.0" encoding="utf-8"?><testsuites name="pytest tests"><testsuite name="pytest" errors="0" failures="0" skipped="0" tests="17" time="0.937" timestamp="2026-02-09T17:10:21.524530+00:00" hostname="agent-env-856cc195-15c2-4378-822e-85b26200b26a"><testcase classname="backend.tests.test_email_features.TestSMTPSettings" name="test_settings_has_smtp_settings" time="0.056" /><testcase classname="backend.tests.test_email_features.TestSMTPSettings" name="test_update_smtp_settings" time="0.116" /><testcase classname="backend.tests.test_email_features.TestEmailTemplates" name="test_get_email_templates" time="0.040" /><testcase classname="backend.tests.test_email_features.TestEmailTemplates" name="test_create_email_template" time="0.038" /><testcase classname="backend.tests.test_email_features.TestEmailTemplates" name="test_update_email_template" time="0.071" /><testcase classname="backend.tests.test_email_features.TestEmailTemplates" name="test_get_single_email_template" time="0.072" /><testcase classname="backend.tests.test_email_features.TestPublicQuoteView" name="test_public_quote_endpoint_exists" time="0.033" /><testcase classname="backend.tests.test_email_features.TestPublicQuoteView" name="test_public_quote_has_quote_details" time="0.036" /><testcase classname="backend.tests.test_email_features.TestPublicQuoteView" name="test_public_quote_has_lead_info" time="0.036" /><testcase classname="backend.tests.test_email_features.TestPublicQuoteView" name="test_public_quote_has_business_info" time="0.040" /><testcase classname="backend.tests.test_email_features.TestPublicQuoteView" name="test_public_quote_has_packages_list" time="0.033" /><testcase classname="backend.tests.test_email_features.TestPublicQuoteView" name="test_invalid_quote_returns_404" time="0.037" /><testcase classname="backend.tests.test_email_features.TestSendQuoteEmail" name="test_send_quote_email_endpoint_exists" time="0.040" /><testcase classname="backend.tests.test_email_features.TestSendQuoteEmail" name="test_send_quote_email_requires_smtp" time="0.039" /><testcase classname="backend.tests.test_email_features.TestQuoteCreationWithEmail" name="test_create_quote_endpoint" time="0.122" /><testcase classname="backend.tests.test_email_features.TestTestEmailEndpoint" name="test_test_email_endpoint_exists" time="0.041" /><testcase classname="backend.tests.test_email_features.TestTestEmailEndpoint" name="test_test_email_requires_smtp" time="0.035" /></testsuite></testsuites>