<?xml version="1.0" encoding="utf-8"?><testsuites name="pytest tests"><testsuite name="pytest" errors="0" failures="0" skipped="0" tests="8" time="0.911" timestamp="2026-02-09T15:35:18.244658+00:00" hostname="agent-env-856cc195-15c2-4378-822e-85b26200b26a"><testcase classname="backend.tests.test_deposit_and_logo.TestSettingsDepositAndLogo" name="test_settings_has_deposit_amount_field" time="0.063" /><testcase classname="backend.tests.test_deposit_and_logo.TestSettingsDepositAndLogo" name="test_settings_has_logo_url_field" time="0.035" /><testcase classname="backend.tests.test_deposit_and_logo.TestSettingsDepositAndLogo" name="test_update_deposit_amount" time="0.189" /><testcase classname="backend.tests.test_deposit_and_logo.TestSettingsDepositAndLogo" name="test_update_logo_url" time="0.196" /><testcase classname="backend.tests.test_deposit_and_logo.TestInvoiceDepositAmount" name="test_invoices_have_deposit_amount" time="0.053" /><testcase classname="backend.tests.test_deposit_and_logo.TestInvoiceDepositAmount" name="test_invoice_update_deposit_amount" time="0.173" /><testcase classname="backend.tests.test_deposit_and_logo.TestJobCreationWithFixedDeposit" name="test_settings_deposit_used_in_new_invoice" time="0.078" /><testcase classname="backend.tests.test_deposit_and_logo.TestClientPortalLogo" name="test_portal_includes_business_logo" time="0.076" /></testsuite></testsuites>